# JRE version: Java(TM) SE Runtime Environment (8.0_66-b17) (build 1.8.0_66-b17)
# Java VM: Java HotSpot(TM) 64-Bit Server VM (25.66-b17 mixed mode linux-amd64 compressed oops)
Heap:
 PSYoungGen      total 74752K, used 59240K [0x000000076cb80000, 0x0000000773580000, 0x00000007c0000000)
  eden space 64512K, 75% used [0x000000076cb80000,0x000000076fb5d710,0x0000000770a80000)
  from space 10240K, 99% used [0x0000000770a80000,0x000000077147ccc8,0x0000000771480000)
  to   space 10240K, 0% used [0x0000000772b80000,0x0000000772b80000,0x0000000773580000)
 ParOldGen       total 112640K, used 10727K [0x00000006c6200000, 0x00000006cd000000, 0x000000076cb80000)
  object space 112640K, 9% used [0x00000006c6200000,0x00000006c6c79f20,0x00000006cd000000)
 Metaspace       used 29133K, capacity 30952K, committed 30976K, reserved 1075200K
  class space    used 4019K, capacity 4329K, committed 4352K, reserved 1048576K
GC Heap History (8 events):
Event: 1.290 GC heap before
{Heap before GC invocations=1 (full 0):
 PSYoungGen      total 74752K, used 64512K [0x000000076cb80000, 0x0000000771e80000, 0x00000007c0000000)
  eden space 64512K, 100% used [0x000000076cb80000,0x0000000770a80000,0x0000000770a80000)
  from space 10240K, 0% used [0x0000000771480000,0x0000000771480000,0x0000000771e80000)
  to   space 10240K, 0% used [0x0000000770a80000,0x0000000770a80000,0x0000000771480000)
 ParOldGen       total 171008K, used 0K [0x00000006c6200000, 0x00000006d0900000, 0x000000076cb80000)
  object space 171008K, 0% used [0x00000006c6200000,0x00000006c6200000,0x00000006d0900000)
 Metaspace       used 15481K, capacity 16126K, committed 16384K, reserved 1062912K
  class space    used 2098K, capacity 2238K, committed 2304K, reserved 1048576K
Event: 1.297 GC heap after
Heap after GC invocations=1 (full 0):
 PSYoungGen      total 74752K, used 6243K [0x000000076cb80000, 0x0000000771e80000, 0x00000007c0000000)
  eden space 64512K, 0% used [0x000000076cb80000,0x000000076cb80000,0x0000000770a80000)
  from space 10240K, 60% used [0x0000000770a80000,0x0000000771098ec0,0x0000000771480000)
  to   space 10240K, 0% used [0x0000000771480000,0x0000000771480000,0x0000000771e80000)
 ParOldGen       total 171008K, used 24K [0x00000006c6200000, 0x00000006d0900000, 0x000000076cb80000)
  object space 171008K, 0% used [0x00000006c6200000,0x00000006c6206000,0x00000006d0900000)
 Metaspace       used 15481K, capacity 16126K, committed 16384K, reserved 1062912K
  class space    used 2098K, capacity 2238K, committed 2304K, reserved 1048576K
}
Event: 1.760 GC heap before
{Heap before GC invocations=2 (full 0):
 PSYoungGen      total 74752K, used 48862K [0x000000076cb80000, 0x0000000771e80000, 0x00000007c0000000)
  eden space 64512K, 66% used [0x000000076cb80000,0x000000076f51ecd0,0x0000000770a80000)
  from space 10240K, 60% used [0x0000000770a80000,0x0000000771098ec0,0x0000000771480000)
  to   space 10240K, 0% used [0x0000000771480000,0x0000000771480000,0x0000000771e80000)
 ParOldGen       total 171008K, used 24K [0x00000006c6200000, 0x00000006d0900000, 0x000000076cb80000)
  object space 171008K, 0% used [0x00000006c6200000,0x00000006c6206000,0x00000006d0900000)
 Metaspace       used 20300K, capacity 21194K, committed 21296K, reserved 1067008K
  class space    used 2907K, capacity 3120K, committed 3200K, reserved 1048576K
Event: 1.767 GC heap after
Heap after GC invocations=2 (full 0):
 PSYoungGen      total 74752K, used 7248K [0x000000076cb80000, 0x0000000771e80000, 0x00000007c0000000)
  eden space 64512K, 0% used [0x000000076cb80000,0x000000076cb80000,0x0000000770a80000)
  from space 10240K, 70% used [0x0000000771480000,0x0000000771b94050,0x0000000771e80000)
  to   space 10240K, 0% used [0x0000000770a80000,0x0000000770a80000,0x0000000771480000)
 ParOldGen       total 171008K, used 96K [0x00000006c6200000, 0x00000006d0900000, 0x000000076cb80000)
  object space 171008K, 0% used [0x00000006c6200000,0x00000006c6218010,0x00000006d0900000)
 Metaspace       used 20300K, capacity 21194K, committed 21296K, reserved 1067008K
  class space    used 2907K, capacity 3120K, committed 3200K, reserved 1048576K
}
Event: 1.767 GC heap before
{Heap before GC invocations=3 (full 1):
 PSYoungGen      total 74752K, used 7248K [0x000000076cb80000, 0x0000000771e80000, 0x00000007c0000000)
  eden space 64512K, 0% used [0x000000076cb80000,0x000000076cb80000,0x0000000770a80000)
  from space 10240K, 70% used [0x0000000771480000,0x0000000771b94050,0x0000000771e80000)
  to   space 10240K, 0% used [0x0000000770a80000,0x0000000770a80000,0x0000000771480000)
 ParOldGen       total 171008K, used 96K [0x00000006c6200000, 0x00000006d0900000, 0x000000076cb80000)
  object space 171008K, 0% used [0x00000006c6200000,0x00000006c6218010,0x00000006d0900000)
 Metaspace       used 20300K, capacity 21194K, committed 21296K, reserved 1067008K
  class space    used 2907K, capacity 3120K, committed 3200K, reserved 1048576K
Event: 1.796 GC heap after
Heap after GC invocations=3 (full 1):
 PSYoungGen      total 74752K, used 0K [0x000000076cb80000, 0x0000000771e80000, 0x00000007c0000000)
  eden space 64512K, 0% used [0x000000076cb80000,0x000000076cb80000,0x0000000770a80000)
  from space 10240K, 0% used [0x0000000771480000,0x0000000771480000,0x0000000771e80000)
  to   space 10240K, 0% used [0x0000000770a80000,0x0000000770a80000,0x0000000771480000)
 ParOldGen       total 112640K, used 7199K [0x00000006c6200000, 0x00000006cd000000, 0x000000076cb80000)
  object space 112640K, 6% used [0x00000006c6200000,0x00000006c6907fe8,0x00000006cd000000)
 Metaspace       used 20300K, capacity 21194K, committed 21296K, reserved 1067008K
  class space    used 2907K, capacity 3120K, committed 3200K, reserved 1048576K
}
Event: 3.618 GC heap before
{Heap before GC invocations=4 (full 1):
 PSYoungGen      total 74752K, used 64512K [0x000000076cb80000, 0x0000000771e80000, 0x00000007c0000000)
  eden space 64512K, 100% used [0x000000076cb80000,0x0000000770a80000,0x0000000770a80000)
  from space 10240K, 0% used [0x0000000771480000,0x0000000771480000,0x0000000771e80000)
  to   space 10240K, 0% used [0x0000000770a80000,0x0000000770a80000,0x0000000771480000)
 ParOldGen       total 112640K, used 7199K [0x00000006c6200000, 0x00000006cd000000, 0x000000076cb80000)
  object space 112640K, 6% used [0x00000006c6200000,0x00000006c6907fe8,0x00000006cd000000)
 Metaspace       used 27228K, capacity 28940K, committed 29056K, reserved 1075200K
  class space    used 3899K, capacity 4197K, committed 4224K, reserved 1048576K
Event: 3.634 GC heap after
Heap after GC invocations=4 (full 1):
 PSYoungGen      total 74752K, used 10227K [0x000000076cb80000, 0x0000000773580000, 0x00000007c0000000)
  eden space 64512K, 0% used [0x000000076cb80000,0x000000076cb80000,0x0000000770a80000)
  from space 10240K, 99% used [0x0000000770a80000,0x000000077147ccc8,0x0000000771480000)
  to   space 10240K, 0% used [0x0000000772b80000,0x0000000772b80000,0x0000000773580000)
 ParOldGen       total 112640K, used 10727K [0x00000006c6200000, 0x00000006cd000000, 0x000000076cb80000)
  object space 112640K, 9% used [0x00000006c6200000,0x00000006c6c79f20,0x00000006cd000000)
 Metaspace       used 27228K, capacity 28940K, committed 29056K, reserved 1075200K
  class space    used 3899K, capacity 4197K, committed 4224K, reserved 1048576K
}

