# JRE version: Java(TM) SE Runtime Environment (8.0_66-b17) (build 1.8.0_66-b17)
# Java VM: Java HotSpot(TM) 64-Bit Server VM (25.66-b17 mixed mode linux-amd64 compressed oops)
Heap:
 PSYoungGen      total 95744K, used 23442K [0x000000076cb00000, 0x0000000773600000, 0x00000007c0000000)
  eden space 85504K, 15% used [0x000000076cb00000,0x000000076d7e8228,0x0000000771e80000)
  from space 10240K, 99% used [0x0000000772c00000,0x00000007735fc8f0,0x0000000773600000)
  to   space 10240K, 0% used [0x0000000772200000,0x0000000772200000,0x0000000772c00000)
 ParOldGen       total 109568K, used 22789K [0x00000006c6000000, 0x00000006ccb00000, 0x000000076cb00000)
  object space 109568K, 20% used [0x00000006c6000000,0x00000006c7641588,0x00000006ccb00000)
 Metaspace       used 29947K, capacity 31930K, committed 32128K, reserved 1077248K
  class space    used 4082K, capacity 4416K, committed 4480K, reserved 1048576K
GC Heap History (10 events):
Event: 1.685 GC heap before
{Heap before GC invocations=1 (full 0):
 PSYoungGen      total 74752K, used 64512K [0x000000076cb00000, 0x0000000771e00000, 0x00000007c0000000)
  eden space 64512K, 100% used [0x000000076cb00000,0x0000000770a00000,0x0000000770a00000)
  from space 10240K, 0% used [0x0000000771400000,0x0000000771400000,0x0000000771e00000)
  to   space 10240K, 0% used [0x0000000770a00000,0x0000000770a00000,0x0000000771400000)
 ParOldGen       total 171008K, used 0K [0x00000006c6000000, 0x00000006d0700000, 0x000000076cb00000)
  object space 171008K, 0% used [0x00000006c6000000,0x00000006c6000000,0x00000006d0700000)
 Metaspace       used 15491K, capacity 16126K, committed 16384K, reserved 1062912K
  class space    used 2099K, capacity 2238K, committed 2304K, reserved 1048576K
Event: 1.692 GC heap after
Heap after GC invocations=1 (full 0):
 PSYoungGen      total 74752K, used 6195K [0x000000076cb00000, 0x0000000771e00000, 0x00000007c0000000)
  eden space 64512K, 0% used [0x000000076cb00000,0x000000076cb00000,0x0000000770a00000)
  from space 10240K, 60% used [0x0000000770a00000,0x000000077100cec0,0x0000000771400000)
  to   space 10240K, 0% used [0x0000000771400000,0x0000000771400000,0x0000000771e00000)
 ParOldGen       total 171008K, used 88K [0x00000006c6000000, 0x00000006d0700000, 0x000000076cb00000)
  object space 171008K, 0% used [0x00000006c6000000,0x00000006c6016010,0x00000006d0700000)
 Metaspace       used 15491K, capacity 16126K, committed 16384K, reserved 1062912K
  class space    used 2099K, capacity 2238K, committed 2304K, reserved 1048576K
}
Event: 2.222 GC heap before
{Heap before GC invocations=2 (full 0):
 PSYoungGen      total 74752K, used 48515K [0x000000076cb00000, 0x0000000771e00000, 0x00000007c0000000)
  eden space 64512K, 65% used [0x000000076cb00000,0x000000076f454090,0x0000000770a00000)
  from space 10240K, 60% used [0x0000000770a00000,0x000000077100cec0,0x0000000771400000)
  to   space 10240K, 0% used [0x0000000771400000,0x0000000771400000,0x0000000771e00000)
 ParOldGen       total 171008K, used 88K [0x00000006c6000000, 0x00000006d0700000, 0x000000076cb00000)
  object space 171008K, 0% used [0x00000006c6000000,0x00000006c6016010,0x00000006d0700000)
 Metaspace       used 20262K, capacity 21162K, committed 21296K, reserved 1067008K
  class space    used 2899K, capacity 3088K, committed 3200K, reserved 1048576K
Event: 2.230 GC heap after
Heap after GC invocations=2 (full 0):
 PSYoungGen      total 74752K, used 7282K [0x000000076cb00000, 0x0000000771e00000, 0x00000007c0000000)
  eden space 64512K, 0% used [0x000000076cb00000,0x000000076cb00000,0x0000000770a00000)
  from space 10240K, 71% used [0x0000000771400000,0x0000000771b1cac0,0x0000000771e00000)
  to   space 10240K, 0% used [0x0000000770a00000,0x0000000770a00000,0x0000000771400000)
 ParOldGen       total 171008K, used 96K [0x00000006c6000000, 0x00000006d0700000, 0x000000076cb00000)
  object space 171008K, 0% used [0x00000006c6000000,0x00000006c6018010,0x00000006d0700000)
 Metaspace       used 20262K, capacity 21162K, committed 21296K, reserved 1067008K
  class space    used 2899K, capacity 3088K, committed 3200K, reserved 1048576K
}
Event: 2.230 GC heap before
{Heap before GC invocations=3 (full 1):
 PSYoungGen      total 74752K, used 7282K [0x000000076cb00000, 0x0000000771e00000, 0x00000007c0000000)
  eden space 64512K, 0% used [0x000000076cb00000,0x000000076cb00000,0x0000000770a00000)
  from space 10240K, 71% used [0x0000000771400000,0x0000000771b1cac0,0x0000000771e00000)
  to   space 10240K, 0% used [0x0000000770a00000,0x0000000770a00000,0x0000000771400000)
 ParOldGen       total 171008K, used 96K [0x00000006c6000000, 0x00000006d0700000, 0x000000076cb00000)
  object space 171008K, 0% used [0x00000006c6000000,0x00000006c6018010,0x00000006d0700000)
 Metaspace       used 20262K, capacity 21162K, committed 21296K, reserved 1067008K
  class space    used 2899K, capacity 3088K, committed 3200K, reserved 1048576K
Event: 2.258 GC heap after
Heap after GC invocations=3 (full 1):
 PSYoungGen      total 74752K, used 0K [0x000000076cb00000, 0x0000000771e00000, 0x00000007c0000000)
  eden space 64512K, 0% used [0x000000076cb00000,0x000000076cb00000,0x0000000770a00000)
  from space 10240K, 0% used [0x0000000771400000,0x0000000771400000,0x0000000771e00000)
  to   space 10240K, 0% used [0x0000000770a00000,0x0000000770a00000,0x0000000771400000)
 ParOldGen       total 109568K, used 7186K [0x00000006c6000000, 0x00000006ccb00000, 0x000000076cb00000)
  object space 109568K, 6% used [0x00000006c6000000,0x00000006c6704858,0x00000006ccb00000)
 Metaspace       used 20262K, capacity 21162K, committed 21296K, reserved 1067008K
  class space    used 2899K, capacity 3088K, committed 3200K, reserved 1048576K
}
Event: 4.397 GC heap before
{Heap before GC invocations=4 (full 1):
 PSYoungGen      total 74752K, used 64512K [0x000000076cb00000, 0x0000000771e00000, 0x00000007c0000000)
  eden space 64512K, 100% used [0x000000076cb00000,0x0000000770a00000,0x0000000770a00000)
  from space 10240K, 0% used [0x0000000771400000,0x0000000771400000,0x0000000771e00000)
  to   space 10240K, 0% used [0x0000000770a00000,0x0000000770a00000,0x0000000771400000)
 ParOldGen       total 109568K, used 7186K [0x00000006c6000000, 0x00000006ccb00000, 0x000000076cb00000)
  object space 109568K, 6% used [0x00000006c6000000,0x00000006c6704858,0x00000006ccb00000)
 Metaspace       used 27083K, capacity 28784K, committed 29056K, reserved 1075200K
  class space    used 3875K, capacity 4165K, committed 4224K, reserved 1048576K
Event: 4.406 GC heap after
Heap after GC invocations=4 (full 1):
 PSYoungGen      total 74752K, used 10225K [0x000000076cb00000, 0x0000000773600000, 0x00000007c0000000)
  eden space 64512K, 0% used [0x000000076cb00000,0x000000076cb00000,0x0000000770a00000)
  from space 10240K, 99% used [0x0000000770a00000,0x00000007713fc760,0x0000000771400000)
  to   space 10240K, 0% used [0x0000000772c00000,0x0000000772c00000,0x0000000773600000)
 ParOldGen       total 109568K, used 10228K [0x00000006c6000000, 0x00000006ccb00000, 0x000000076cb00000)
  object space 109568K, 9% used [0x00000006c6000000,0x00000006c69fd2d0,0x00000006ccb00000)
 Metaspace       used 27083K, capacity 28784K, committed 29056K, reserved 1075200K
  class space    used 3875K, capacity 4165K, committed 4224K, reserved 1048576K
}
Event: 33.187 GC heap before
{Heap before GC invocations=5 (full 1):
 PSYoungGen      total 74752K, used 74737K [0x000000076cb00000, 0x0000000773600000, 0x00000007c0000000)
  eden space 64512K, 100% used [0x000000076cb00000,0x0000000770a00000,0x0000000770a00000)
  from space 10240K, 99% used [0x0000000770a00000,0x00000007713fc760,0x0000000771400000)
  to   space 10240K, 0% used [0x0000000772c00000,0x0000000772c00000,0x0000000773600000)
 ParOldGen       total 109568K, used 10228K [0x00000006c6000000, 0x00000006ccb00000, 0x000000076cb00000)
  object space 109568K, 9% used [0x00000006c6000000,0x00000006c69fd2d0,0x00000006ccb00000)
 Metaspace       used 29653K, capacity 31674K, committed 31872K, reserved 1077248K
  class space    used 4066K, capacity 4416K, committed 4480K, reserved 1048576K
Event: 33.217 GC heap after
Heap after GC invocations=5 (full 1):
 PSYoungGen      total 95744K, used 10226K [0x000000076cb00000, 0x0000000773600000, 0x00000007c0000000)
  eden space 85504K, 0% used [0x000000076cb00000,0x000000076cb00000,0x0000000771e80000)
  from space 10240K, 99% used [0x0000000772c00000,0x00000007735fc8f0,0x0000000773600000)
  to   space 10240K, 0% used [0x0000000772200000,0x0000000772200000,0x0000000772c00000)
 ParOldGen       total 109568K, used 22789K [0x00000006c6000000, 0x00000006ccb00000, 0x000000076cb00000)
  object space 109568K, 20% used [0x00000006c6000000,0x00000006c7641588,0x00000006ccb00000)
 Metaspace       used 29653K, capacity 31674K, committed 31872K, reserved 1077248K
  class space    used 4066K, capacity 4416K, committed 4480K, reserved 1048576K
}

